<?xml version="1.0" encoding="UTF-8"?>
<testsuites name="Mocha Tests" time="0.0000" tests="1" failures="0" skipped="1">
  <testsuite name="Root Suite" timestamp="2020-10-30T03:20:57" tests="0" file="cypress\integration\Modulo - Atendimento\Atendidos\Individuo\CadastrarIndividuo.spec.js" time="0.0000" failures="0">
  </testsuite>
  <testsuite name="Cadastrar novo Atendico" timestamp="2020-10-30T03:20:57" tests="1" time="0.0000" failures="0">
  </testsuite>
</testsuites>