<?xml version="1.0" encoding="UTF-8"?>
<testsuites name="Mocha Tests" time="0.0000" tests="1" failures="0" skipped="1">
  <testsuite name="Root Suite" timestamp="2020-10-30T03:21:08" tests="0" file="cypress\integration\Modulo - Atendimento\Grupos\CadastrarGrupos.spec.js" time="0.0000" failures="0">
  </testsuite>
  <testsuite name="Cadastrar novo Grupos" timestamp="2020-10-30T03:21:08" tests="1" time="0.0000" failures="0">
  </testsuite>
</testsuites>